2018-05-12 23:46:40,547 [ModalContext] INFO  o.e.m.c.i.e.AbstractTransferListenerAdapter - Downloaded https://repo.maven.apache.org/maven2/org/glassfish/jersey/archtypes/jersey-quickstart-webapp/2.27/jersey-quickstart-webapp-2.27.pom
2018-05-12 23:46:40,576 [ModalContext] ERROR o.e.m.c.u.i.w.MavenProjectWizardArchetypePage - Can't resolve Archetype org.glassfish.jersey.archtypes:jersey-quickstart-webapp:2.27
org.eclipse.core.runtime.CoreException: Could not resolve artifact org.glassfish.jersey.archtypes:jersey-quickstart-webapp:pom:2.27
	at org.eclipse.m2e.core.internal.embedder.MavenImpl$5.call(MavenImpl.java:776) ~[na:na]
	at org.eclipse.m2e.core.internal.embedder.MavenImpl$5.call(MavenImpl.java:1) ~[na:na]
	at org.eclipse.m2e.core.internal.embedder.MavenExecutionContext.executeBare(MavenExecutionContext.java:176) ~[na:na]
	at org.eclipse.m2e.core.internal.embedder.MavenExecutionContext.execute(MavenExecutionContext.java:151) ~[na:na]
	at org.eclipse.m2e.core.internal.embedder.MavenExecutionContext.execute(MavenExecutionContext.java:99) ~[na:na]
	at org.eclipse.m2e.core.internal.embedder.MavenImpl.resolve(MavenImpl.java:743) ~[na:na]
	at org.eclipse.m2e.core.internal.embedder.MavenImpl.resolve(MavenImpl.java:720) ~[na:na]
	at org.eclipse.m2e.core.ui.internal.wizards.MavenProjectWizardArchetypePage$17.run(MavenProjectWizardArchetypePage.java:830) ~[org.eclipse.m2e.core.ui_1.7.0.20160603-1933.jar:na]
	at org.eclipse.jface.operation.ModalContext$ModalContextThread.run(ModalContext.java:119) [org.eclipse.jface_3.12.1.v20160923-1528.jar:na]
2018-05-12 23:49:36,086 [ModalContext] ERROR o.e.m.c.u.i.w.MavenProjectWizardArchetypePage - Can't resolve Archetype org.glassfish.jersey.archtypes:jersey-quickstart-webapp:2.27
org.eclipse.core.runtime.CoreException: Could not resolve artifact org.glassfish.jersey.archtypes:jersey-quickstart-webapp:pom:2.27
	at org.eclipse.m2e.core.internal.embedder.MavenImpl$5.call(MavenImpl.java:776) ~[na:na]
	at org.eclipse.m2e.core.internal.embedder.MavenImpl$5.call(MavenImpl.java:1) ~[na:na]
	at org.eclipse.m2e.core.internal.embedder.MavenExecutionContext.executeBare(MavenExecutionContext.java:176) ~[na:na]
	at org.eclipse.m2e.core.internal.embedder.MavenExecutionContext.execute(MavenExecutionContext.java:151) ~[na:na]
	at org.eclipse.m2e.core.internal.embedder.MavenExecutionContext.execute(MavenExecutionContext.java:99) ~[na:na]
	at org.eclipse.m2e.core.internal.embedder.MavenImpl.resolve(MavenImpl.java:743) ~[na:na]
	at org.eclipse.m2e.core.internal.embedder.MavenImpl.resolve(MavenImpl.java:720) ~[na:na]
	at org.eclipse.m2e.core.ui.internal.wizards.MavenProjectWizardArchetypePage$17.run(MavenProjectWizardArchetypePage.java:830) ~[org.eclipse.m2e.core.ui_1.7.0.20160603-1933.jar:na]
	at org.eclipse.jface.operation.ModalContext$ModalContextThread.run(ModalContext.java:119) [org.eclipse.jface_3.12.1.v20160923-1528.jar:na]
2018-05-12 23:51:34,026 [ModalContext] INFO  o.e.m.c.i.e.AbstractTransferListenerAdapter - Downloading https://repo.maven.apache.org/maven2/org/glassfish/jersey/archetypes/jersey-quickstart-webapp/2.27/jersey-quickstart-webapp-2.27.pom
2018-05-12 23:51:34,369 [ModalContext] INFO  o.e.m.c.i.e.AbstractTransferListenerAdapter - Downloaded https://repo.maven.apache.org/maven2/org/glassfish/jersey/archetypes/jersey-quickstart-webapp/2.27/jersey-quickstart-webapp-2.27.pom
2018-05-12 23:51:38,467 [ModalContext] INFO  o.e.m.c.i.e.AbstractTransferListenerAdapter - Downloading https://repo.maven.apache.org/maven2/org/glassfish/jersey/archetypes/jersey-quickstart-webapp/2.27/jersey-quickstart-webapp-2.27.jar
2018-05-12 23:51:38,768 [ModalContext] INFO  o.e.m.c.i.e.AbstractTransferListenerAdapter - Downloaded https://repo.maven.apache.org/maven2/org/glassfish/jersey/archetypes/jersey-quickstart-webapp/2.27/jersey-quickstart-webapp-2.27.jar
2018-05-12 23:53:27,905 [Worker-26] INFO  o.e.m.c.i.p.ProjectConfigurationManager - Collecting project info '/pom.xml' C:\Users\bk051495\workspace\Restful\MessangerAPI\pom.xml
2018-05-12 23:53:29,389 [Worker-26] INFO  o.e.m.c.i.e.AbstractTransferListenerAdapter - Downloading https://repo.maven.apache.org/maven2/org/glassfish/jersey/jersey-bom/2.27/jersey-bom-2.27.pom
2018-05-12 23:53:29,901 [Worker-26] INFO  o.e.m.c.i.e.AbstractTransferListenerAdapter - Downloaded https://repo.maven.apache.org/maven2/org/glassfish/jersey/jersey-bom/2.27/jersey-bom-2.27.pom
2018-05-12 23:53:30,162 [Worker-26] INFO  o.e.m.c.i.e.AbstractTransferListenerAdapter - Downloading https://repo.maven.apache.org/maven2/net/java/jvnet-parent/4/jvnet-parent-4.pom
2018-05-12 23:53:30,431 [Worker-26] INFO  o.e.m.c.i.e.AbstractTransferListenerAdapter - Downloaded https://repo.maven.apache.org/maven2/net/java/jvnet-parent/4/jvnet-parent-4.pom
2018-05-12 23:53:32,097 [Worker-26] INFO  o.e.m.c.i.e.AbstractTransferListenerAdapter - Downloading https://repo.maven.apache.org/maven2/org/apache/maven/plugins/maven-compiler-plugin/2.5.1/maven-compiler-plugin-2.5.1.jar
2018-05-12 23:53:32,750 [Worker-26] INFO  o.e.m.c.i.e.AbstractTransferListenerAdapter - Downloaded https://repo.maven.apache.org/maven2/org/apache/maven/plugins/maven-compiler-plugin/2.5.1/maven-compiler-plugin-2.5.1.jar
2018-05-12 23:53:33,318 [Worker-26] INFO  o.e.m.c.i.e.AbstractTransferListenerAdapter - Downloading https://repo.maven.apache.org/maven2/org/apache/maven/plugins/maven-compiler-plugin/2.5.1/maven-compiler-plugin-2.5.1.pom
2018-05-12 23:53:33,621 [Worker-26] INFO  o.e.m.c.i.e.AbstractTransferListenerAdapter - Downloaded https://repo.maven.apache.org/maven2/org/apache/maven/plugins/maven-compiler-plugin/2.5.1/maven-compiler-plugin-2.5.1.pom
2018-05-12 23:53:35,249 [Worker-26] INFO  o.e.m.c.i.e.AbstractTransferListenerAdapter - Downloading https://repo.maven.apache.org/maven2/org/codehaus/plexus/plexus-compiler-api/1.9.1/plexus-compiler-api-1.9.1.pom
2018-05-12 23:53:35,547 [Worker-26] INFO  o.e.m.c.i.e.AbstractTransferListenerAdapter - Downloaded https://repo.maven.apache.org/maven2/org/codehaus/plexus/plexus-compiler-api/1.9.1/plexus-compiler-api-1.9.1.pom
2018-05-12 23:53:35,824 [Worker-26] INFO  o.e.m.c.i.e.AbstractTransferListenerAdapter - Downloading https://repo.maven.apache.org/maven2/org/codehaus/plexus/plexus-compiler/1.9.1/plexus-compiler-1.9.1.pom
2018-05-12 23:53:36,113 [Worker-26] INFO  o.e.m.c.i.e.AbstractTransferListenerAdapter - Downloaded https://repo.maven.apache.org/maven2/org/codehaus/plexus/plexus-compiler/1.9.1/plexus-compiler-1.9.1.pom
2018-05-12 23:53:36,390 [Worker-26] INFO  o.e.m.c.i.e.AbstractTransferListenerAdapter - Downloading https://repo.maven.apache.org/maven2/org/codehaus/plexus/plexus-components/1.1.20/plexus-components-1.1.20.pom
2018-05-12 23:53:36,693 [Worker-26] INFO  o.e.m.c.i.e.AbstractTransferListenerAdapter - Downloaded https://repo.maven.apache.org/maven2/org/codehaus/plexus/plexus-components/1.1.20/plexus-components-1.1.20.pom
2018-05-12 23:53:37,026 [Worker-26] INFO  o.e.m.c.i.e.AbstractTransferListenerAdapter - Downloading https://repo.maven.apache.org/maven2/org/codehaus/plexus/plexus-compiler-manager/1.9.1/plexus-compiler-manager-1.9.1.pom
2018-05-12 23:53:37,320 [Worker-26] INFO  o.e.m.c.i.e.AbstractTransferListenerAdapter - Downloaded https://repo.maven.apache.org/maven2/org/codehaus/plexus/plexus-compiler-manager/1.9.1/plexus-compiler-manager-1.9.1.pom
2018-05-12 23:53:37,633 [Worker-26] INFO  o.e.m.c.i.e.AbstractTransferListenerAdapter - Downloading https://repo.maven.apache.org/maven2/org/codehaus/plexus/plexus-compiler-javac/1.9.1/plexus-compiler-javac-1.9.1.pom
2018-05-12 23:53:37,972 [Worker-26] INFO  o.e.m.c.i.e.AbstractTransferListenerAdapter - Downloaded https://repo.maven.apache.org/maven2/org/codehaus/plexus/plexus-compiler-javac/1.9.1/plexus-compiler-javac-1.9.1.pom
2018-05-12 23:53:38,280 [Worker-26] INFO  o.e.m.c.i.e.AbstractTransferListenerAdapter - Downloading https://repo.maven.apache.org/maven2/org/codehaus/plexus/plexus-compilers/1.9.1/plexus-compilers-1.9.1.pom
2018-05-12 23:53:38,570 [Worker-26] INFO  o.e.m.c.i.e.AbstractTransferListenerAdapter - Downloaded https://repo.maven.apache.org/maven2/org/codehaus/plexus/plexus-compilers/1.9.1/plexus-compilers-1.9.1.pom
2018-05-12 23:53:38,950 [Worker-26] INFO  o.e.m.c.i.e.AbstractTransferListenerAdapter - Downloading https://repo.maven.apache.org/maven2/org/codehaus/plexus/plexus-compiler-api/1.9.1/plexus-compiler-api-1.9.1.jar
2018-05-12 23:53:39,608 [Worker-26] INFO  o.e.m.c.i.e.AbstractTransferListenerAdapter - Downloaded https://repo.maven.apache.org/maven2/org/codehaus/plexus/plexus-compiler-api/1.9.1/plexus-compiler-api-1.9.1.jar
2018-05-12 23:53:39,886 [Worker-26] INFO  o.e.m.c.i.e.AbstractTransferListenerAdapter - Downloading https://repo.maven.apache.org/maven2/org/codehaus/plexus/plexus-compiler-manager/1.9.1/plexus-compiler-manager-1.9.1.jar
2018-05-12 23:53:40,284 [Worker-26] INFO  o.e.m.c.i.e.AbstractTransferListenerAdapter - Downloaded https://repo.maven.apache.org/maven2/org/codehaus/plexus/plexus-compiler-manager/1.9.1/plexus-compiler-manager-1.9.1.jar
2018-05-12 23:53:40,573 [Worker-26] INFO  o.e.m.c.i.e.AbstractTransferListenerAdapter - Downloading https://repo.maven.apache.org/maven2/org/codehaus/plexus/plexus-compiler-javac/1.9.1/plexus-compiler-javac-1.9.1.jar
2018-05-12 23:53:40,946 [Worker-26] INFO  o.e.m.c.i.e.AbstractTransferListenerAdapter - Downloaded https://repo.maven.apache.org/maven2/org/codehaus/plexus/plexus-compiler-javac/1.9.1/plexus-compiler-javac-1.9.1.jar
2018-05-12 23:53:41,485 [Worker-26] INFO  o.e.m.c.i.l.LifecycleMappingFactory - Using org.maven.ide.eclipse.wtp.WarLifecycleMapping lifecycle mapping for MavenProject: org.bhawna.restfulWebServices.1:MessangerAPI:0.0.1-SNAPSHOT @ C:\Users\bk051495\workspace\Restful\MessangerAPI\pom.xml.
2018-05-12 23:53:41,725 [Worker-26] INFO  o.e.m.c.i.e.AbstractTransferListenerAdapter - Downloading https://repo.maven.apache.org/maven2/org/glassfish/jersey/containers/jersey-container-servlet-core/2.27/jersey-container-servlet-core-2.27.pom
2018-05-12 23:53:41,978 [Worker-26] INFO  o.e.m.c.i.e.AbstractTransferListenerAdapter - Downloaded https://repo.maven.apache.org/maven2/org/glassfish/jersey/containers/jersey-container-servlet-core/2.27/jersey-container-servlet-core-2.27.pom
2018-05-12 23:53:42,222 [Worker-26] INFO  o.e.m.c.i.e.AbstractTransferListenerAdapter - Downloading https://repo.maven.apache.org/maven2/org/glassfish/jersey/containers/project/2.27/project-2.27.pom
2018-05-12 23:53:42,473 [Worker-26] INFO  o.e.m.c.i.e.AbstractTransferListenerAdapter - Downloaded https://repo.maven.apache.org/maven2/org/glassfish/jersey/containers/project/2.27/project-2.27.pom
2018-05-12 23:53:42,713 [Worker-26] INFO  o.e.m.c.i.e.AbstractTransferListenerAdapter - Downloading https://repo.maven.apache.org/maven2/org/glassfish/jersey/project/2.27/project-2.27.pom
2018-05-12 23:53:43,304 [Worker-26] INFO  o.e.m.c.i.e.AbstractTransferListenerAdapter - Downloaded https://repo.maven.apache.org/maven2/org/glassfish/jersey/project/2.27/project-2.27.pom
2018-05-12 23:53:43,728 [Worker-26] INFO  o.e.m.c.i.e.AbstractTransferListenerAdapter - Downloading https://repo.maven.apache.org/maven2/org/glassfish/hk2/hk2-bom/2.5.0-b42/hk2-bom-2.5.0-b42.pom
2018-05-12 23:53:43,992 [Worker-26] INFO  o.e.m.c.i.e.AbstractTransferListenerAdapter - Downloaded https://repo.maven.apache.org/maven2/org/glassfish/hk2/hk2-bom/2.5.0-b42/hk2-bom-2.5.0-b42.pom
2018-05-12 23:53:44,346 [Worker-26] INFO  o.e.m.c.i.e.AbstractTransferListenerAdapter - Downloading https://repo.maven.apache.org/maven2/net/java/jvnet-parent/5/jvnet-parent-5.pom
2018-05-12 23:53:44,657 [Worker-26] INFO  o.e.m.c.i.e.AbstractTransferListenerAdapter - Downloaded https://repo.maven.apache.org/maven2/net/java/jvnet-parent/5/jvnet-parent-5.pom
2018-05-12 23:53:45,001 [Worker-26] INFO  o.e.m.c.i.e.AbstractTransferListenerAdapter - Downloading https://repo.maven.apache.org/maven2/org/glassfish/hk2/external/javax.inject/2.5.0-b42/javax.inject-2.5.0-b42.pom
2018-05-12 23:53:45,260 [Worker-26] INFO  o.e.m.c.i.e.AbstractTransferListenerAdapter - Downloaded https://repo.maven.apache.org/maven2/org/glassfish/hk2/external/javax.inject/2.5.0-b42/javax.inject-2.5.0-b42.pom
2018-05-12 23:53:45,512 [Worker-26] INFO  o.e.m.c.i.e.AbstractTransferListenerAdapter - Downloading https://repo.maven.apache.org/maven2/org/glassfish/hk2/external/2.5.0-b42/external-2.5.0-b42.pom
2018-05-12 23:53:45,820 [Worker-26] INFO  o.e.m.c.i.e.AbstractTransferListenerAdapter - Downloaded https://repo.maven.apache.org/maven2/org/glassfish/hk2/external/2.5.0-b42/external-2.5.0-b42.pom
2018-05-12 23:53:46,059 [Worker-26] INFO  o.e.m.c.i.e.AbstractTransferListenerAdapter - Downloading https://repo.maven.apache.org/maven2/org/glassfish/hk2/hk2-parent/2.5.0-b42/hk2-parent-2.5.0-b42.pom
2018-05-12 23:53:46,357 [Worker-26] INFO  o.e.m.c.i.e.AbstractTransferListenerAdapter - Downloaded https://repo.maven.apache.org/maven2/org/glassfish/hk2/hk2-parent/2.5.0-b42/hk2-parent-2.5.0-b42.pom
2018-05-12 23:53:46,608 [Worker-26] INFO  o.e.m.c.i.e.AbstractTransferListenerAdapter - Downloading https://repo.maven.apache.org/maven2/org/glassfish/jersey/core/jersey-common/2.27/jersey-common-2.27.pom
2018-05-12 23:53:46,857 [Worker-26] INFO  o.e.m.c.i.e.AbstractTransferListenerAdapter - Downloaded https://repo.maven.apache.org/maven2/org/glassfish/jersey/core/jersey-common/2.27/jersey-common-2.27.pom
2018-05-12 23:53:47,109 [Worker-26] INFO  o.e.m.c.i.e.AbstractTransferListenerAdapter - Downloading https://repo.maven.apache.org/maven2/javax/ws/rs/javax.ws.rs-api/2.1/javax.ws.rs-api-2.1.pom
2018-05-12 23:53:47,432 [Worker-26] INFO  o.e.m.c.i.e.AbstractTransferListenerAdapter - Downloaded https://repo.maven.apache.org/maven2/javax/ws/rs/javax.ws.rs-api/2.1/javax.ws.rs-api-2.1.pom
2018-05-12 23:53:47,687 [Worker-26] INFO  o.e.m.c.i.e.AbstractTransferListenerAdapter - Downloading https://repo.maven.apache.org/maven2/javax/annotation/javax.annotation-api/1.2/javax.annotation-api-1.2.pom
2018-05-12 23:53:47,938 [Worker-26] INFO  o.e.m.c.i.e.AbstractTransferListenerAdapter - Downloaded https://repo.maven.apache.org/maven2/javax/annotation/javax.annotation-api/1.2/javax.annotation-api-1.2.pom
2018-05-12 23:53:48,206 [Worker-26] INFO  o.e.m.c.i.e.AbstractTransferListenerAdapter - Downloading https://repo.maven.apache.org/maven2/org/glassfish/hk2/osgi-resource-locator/1.0.1/osgi-resource-locator-1.0.1.pom
2018-05-12 23:53:48,459 [Worker-26] INFO  o.e.m.c.i.e.AbstractTransferListenerAdapter - Downloaded https://repo.maven.apache.org/maven2/org/glassfish/hk2/osgi-resource-locator/1.0.1/osgi-resource-locator-1.0.1.pom
2018-05-12 23:53:48,709 [Worker-26] INFO  o.e.m.c.i.e.AbstractTransferListenerAdapter - Downloading https://repo.maven.apache.org/maven2/org/glassfish/pom/8/pom-8.pom
2018-05-12 23:53:48,969 [Worker-26] INFO  o.e.m.c.i.e.AbstractTransferListenerAdapter - Downloaded https://repo.maven.apache.org/maven2/org/glassfish/pom/8/pom-8.pom
2018-05-12 23:53:49,212 [Worker-26] INFO  o.e.m.c.i.e.AbstractTransferListenerAdapter - Downloading https://repo.maven.apache.org/maven2/org/glassfish/jersey/core/jersey-server/2.27/jersey-server-2.27.pom
2018-05-12 23:53:49,468 [Worker-26] INFO  o.e.m.c.i.e.AbstractTransferListenerAdapter - Downloaded https://repo.maven.apache.org/maven2/org/glassfish/jersey/core/jersey-server/2.27/jersey-server-2.27.pom
2018-05-12 23:53:49,716 [Worker-26] INFO  o.e.m.c.i.e.AbstractTransferListenerAdapter - Downloading https://repo.maven.apache.org/maven2/org/glassfish/jersey/core/jersey-client/2.27/jersey-client-2.27.pom
2018-05-12 23:53:50,008 [Worker-26] INFO  o.e.m.c.i.e.AbstractTransferListenerAdapter - Downloaded https://repo.maven.apache.org/maven2/org/glassfish/jersey/core/jersey-client/2.27/jersey-client-2.27.pom
2018-05-12 23:53:50,259 [Worker-26] INFO  o.e.m.c.i.e.AbstractTransferListenerAdapter - Downloading https://repo.maven.apache.org/maven2/org/glassfish/jersey/media/jersey-media-jaxb/2.27/jersey-media-jaxb-2.27.pom
2018-05-12 23:53:50,519 [Worker-26] INFO  o.e.m.c.i.e.AbstractTransferListenerAdapter - Downloaded https://repo.maven.apache.org/maven2/org/glassfish/jersey/media/jersey-media-jaxb/2.27/jersey-media-jaxb-2.27.pom
2018-05-12 23:53:51,548 [Worker-26] INFO  o.e.m.c.i.e.AbstractTransferListenerAdapter - Downloading https://repo.maven.apache.org/maven2/org/glassfish/jersey/media/project/2.27/project-2.27.pom
2018-05-12 23:53:51,843 [Worker-26] INFO  o.e.m.c.i.e.AbstractTransferListenerAdapter - Downloaded https://repo.maven.apache.org/maven2/org/glassfish/jersey/media/project/2.27/project-2.27.pom
2018-05-12 23:53:52,120 [Worker-26] INFO  o.e.m.c.i.e.AbstractTransferListenerAdapter - Downloading https://repo.maven.apache.org/maven2/javax/validation/validation-api/1.1.0.Final/validation-api-1.1.0.Final.pom
2018-05-12 23:53:52,412 [Worker-26] INFO  o.e.m.c.i.e.AbstractTransferListenerAdapter - Downloaded https://repo.maven.apache.org/maven2/javax/validation/validation-api/1.1.0.Final/validation-api-1.1.0.Final.pom
2018-05-12 23:53:52,663 [Worker-26] INFO  o.e.m.c.i.e.AbstractTransferListenerAdapter - Downloading https://repo.maven.apache.org/maven2/org/glassfish/jersey/inject/jersey-hk2/2.27/jersey-hk2-2.27.pom
2018-05-12 23:53:52,924 [Worker-26] INFO  o.e.m.c.i.e.AbstractTransferListenerAdapter - Downloaded https://repo.maven.apache.org/maven2/org/glassfish/jersey/inject/jersey-hk2/2.27/jersey-hk2-2.27.pom
2018-05-12 23:53:53,187 [Worker-26] INFO  o.e.m.c.i.e.AbstractTransferListenerAdapter - Downloading https://repo.maven.apache.org/maven2/org/glassfish/jersey/inject/project/2.27/project-2.27.pom
2018-05-12 23:53:53,451 [Worker-26] INFO  o.e.m.c.i.e.AbstractTransferListenerAdapter - Downloaded https://repo.maven.apache.org/maven2/org/glassfish/jersey/inject/project/2.27/project-2.27.pom
2018-05-12 23:53:53,719 [Worker-26] INFO  o.e.m.c.i.e.AbstractTransferListenerAdapter - Downloading https://repo.maven.apache.org/maven2/org/glassfish/hk2/hk2-locator/2.5.0-b42/hk2-locator-2.5.0-b42.pom
2018-05-12 23:53:54,073 [Worker-26] INFO  o.e.m.c.i.e.AbstractTransferListenerAdapter - Downloaded https://repo.maven.apache.org/maven2/org/glassfish/hk2/hk2-locator/2.5.0-b42/hk2-locator-2.5.0-b42.pom
2018-05-12 23:53:54,335 [Worker-26] INFO  o.e.m.c.i.e.AbstractTransferListenerAdapter - Downloading https://repo.maven.apache.org/maven2/org/glassfish/hk2/external/aopalliance-repackaged/2.5.0-b42/aopalliance-repackaged-2.5.0-b42.pom
2018-05-12 23:53:54,688 [Worker-26] INFO  o.e.m.c.i.e.AbstractTransferListenerAdapter - Downloaded https://repo.maven.apache.org/maven2/org/glassfish/hk2/external/aopalliance-repackaged/2.5.0-b42/aopalliance-repackaged-2.5.0-b42.pom
2018-05-12 23:53:54,934 [Worker-26] INFO  o.e.m.c.i.e.AbstractTransferListenerAdapter - Downloading https://repo.maven.apache.org/maven2/org/glassfish/hk2/hk2-api/2.5.0-b42/hk2-api-2.5.0-b42.pom
2018-05-12 23:53:55,220 [Worker-26] INFO  o.e.m.c.i.e.AbstractTransferListenerAdapter - Downloaded https://repo.maven.apache.org/maven2/org/glassfish/hk2/hk2-api/2.5.0-b42/hk2-api-2.5.0-b42.pom
2018-05-12 23:53:55,480 [Worker-26] INFO  o.e.m.c.i.e.AbstractTransferListenerAdapter - Downloading https://repo.maven.apache.org/maven2/javax/inject/javax.inject/1/javax.inject-1.pom
2018-05-12 23:53:55,732 [Worker-26] INFO  o.e.m.c.i.e.AbstractTransferListenerAdapter - Downloaded https://repo.maven.apache.org/maven2/javax/inject/javax.inject/1/javax.inject-1.pom
2018-05-12 23:53:56,023 [Worker-26] INFO  o.e.m.c.i.e.AbstractTransferListenerAdapter - Downloading https://repo.maven.apache.org/maven2/org/glassfish/hk2/hk2-utils/2.5.0-b42/hk2-utils-2.5.0-b42.pom
2018-05-12 23:53:56,341 [Worker-26] INFO  o.e.m.c.i.e.AbstractTransferListenerAdapter - Downloaded https://repo.maven.apache.org/maven2/org/glassfish/hk2/hk2-utils/2.5.0-b42/hk2-utils-2.5.0-b42.pom
2018-05-12 23:53:56,584 [Worker-26] INFO  o.e.m.c.i.e.AbstractTransferListenerAdapter - Downloading https://repo.maven.apache.org/maven2/org/javassist/javassist/3.22.0-CR2/javassist-3.22.0-CR2.pom
2018-05-12 23:53:56,844 [Worker-26] INFO  o.e.m.c.i.e.AbstractTransferListenerAdapter - Downloaded https://repo.maven.apache.org/maven2/org/javassist/javassist/3.22.0-CR2/javassist-3.22.0-CR2.pom
2018-05-12 23:53:57,101 [Worker-26] INFO  o.e.m.c.i.e.AbstractTransferListenerAdapter - Downloading https://repo.maven.apache.org/maven2/org/glassfish/jersey/containers/jersey-container-servlet-core/2.27/jersey-container-servlet-core-2.27.jar
2018-05-12 23:53:57,499 [Worker-26] INFO  o.e.m.c.i.e.AbstractTransferListenerAdapter - Downloaded https://repo.maven.apache.org/maven2/org/glassfish/jersey/containers/jersey-container-servlet-core/2.27/jersey-container-servlet-core-2.27.jar
2018-05-12 23:53:57,767 [Worker-26] INFO  o.e.m.c.i.e.AbstractTransferListenerAdapter - Downloading https://repo.maven.apache.org/maven2/org/glassfish/hk2/external/javax.inject/2.5.0-b42/javax.inject-2.5.0-b42.jar
2018-05-12 23:53:58,084 [Worker-26] INFO  o.e.m.c.i.e.AbstractTransferListenerAdapter - Downloaded https://repo.maven.apache.org/maven2/org/glassfish/hk2/external/javax.inject/2.5.0-b42/javax.inject-2.5.0-b42.jar
2018-05-12 23:53:58,315 [Worker-26] INFO  o.e.m.c.i.e.AbstractTransferListenerAdapter - Downloading https://repo.maven.apache.org/maven2/org/glassfish/jersey/core/jersey-common/2.27/jersey-common-2.27.jar
2018-05-12 23:54:02,663 [Worker-26] INFO  o.e.m.c.i.e.AbstractTransferListenerAdapter - Downloaded https://repo.maven.apache.org/maven2/org/glassfish/jersey/core/jersey-common/2.27/jersey-common-2.27.jar
2018-05-12 23:54:02,896 [Worker-26] INFO  o.e.m.c.i.e.AbstractTransferListenerAdapter - Downloading https://repo.maven.apache.org/maven2/javax/annotation/javax.annotation-api/1.2/javax.annotation-api-1.2.jar
2018-05-12 23:54:03,220 [Worker-26] INFO  o.e.m.c.i.e.AbstractTransferListenerAdapter - Downloaded https://repo.maven.apache.org/maven2/javax/annotation/javax.annotation-api/1.2/javax.annotation-api-1.2.jar
2018-05-12 23:54:03,479 [Worker-26] INFO  o.e.m.c.i.e.AbstractTransferListenerAdapter - Downloading https://repo.maven.apache.org/maven2/org/glassfish/hk2/osgi-resource-locator/1.0.1/osgi-resource-locator-1.0.1.jar
2018-05-12 23:54:03,815 [Worker-26] INFO  o.e.m.c.i.e.AbstractTransferListenerAdapter - Downloaded https://repo.maven.apache.org/maven2/org/glassfish/hk2/osgi-resource-locator/1.0.1/osgi-resource-locator-1.0.1.jar
2018-05-12 23:54:04,089 [Worker-26] INFO  o.e.m.c.i.e.AbstractTransferListenerAdapter - Downloading https://repo.maven.apache.org/maven2/org/glassfish/jersey/core/jersey-server/2.27/jersey-server-2.27.jar
2018-05-12 23:54:07,496 [Worker-26] INFO  o.e.m.c.i.e.AbstractTransferListenerAdapter - Downloaded https://repo.maven.apache.org/maven2/org/glassfish/jersey/core/jersey-server/2.27/jersey-server-2.27.jar
2018-05-12 23:54:07,758 [Worker-26] INFO  o.e.m.c.i.e.AbstractTransferListenerAdapter - Downloading https://repo.maven.apache.org/maven2/org/glassfish/jersey/core/jersey-client/2.27/jersey-client-2.27.jar
2018-05-12 23:54:08,835 [Worker-26] INFO  o.e.m.c.i.e.AbstractTransferListenerAdapter - Downloaded https://repo.maven.apache.org/maven2/org/glassfish/jersey/core/jersey-client/2.27/jersey-client-2.27.jar
2018-05-12 23:54:09,144 [Worker-26] INFO  o.e.m.c.i.e.AbstractTransferListenerAdapter - Downloading https://repo.maven.apache.org/maven2/org/glassfish/jersey/media/jersey-media-jaxb/2.27/jersey-media-jaxb-2.27.jar
2018-05-12 23:54:09,619 [Worker-26] INFO  o.e.m.c.i.e.AbstractTransferListenerAdapter - Downloaded https://repo.maven.apache.org/maven2/org/glassfish/jersey/media/jersey-media-jaxb/2.27/jersey-media-jaxb-2.27.jar
2018-05-12 23:54:09,878 [Worker-26] INFO  o.e.m.c.i.e.AbstractTransferListenerAdapter - Downloading https://repo.maven.apache.org/maven2/javax/validation/validation-api/1.1.0.Final/validation-api-1.1.0.Final.jar
2018-05-12 23:54:10,266 [Worker-26] INFO  o.e.m.c.i.e.AbstractTransferListenerAdapter - Downloaded https://repo.maven.apache.org/maven2/javax/validation/validation-api/1.1.0.Final/validation-api-1.1.0.Final.jar
2018-05-12 23:54:10,529 [Worker-26] INFO  o.e.m.c.i.e.AbstractTransferListenerAdapter - Downloading https://repo.maven.apache.org/maven2/javax/ws/rs/javax.ws.rs-api/2.1/javax.ws.rs-api-2.1.jar
2018-05-12 23:54:11,097 [Worker-26] INFO  o.e.m.c.i.e.AbstractTransferListenerAdapter - Downloaded https://repo.maven.apache.org/maven2/javax/ws/rs/javax.ws.rs-api/2.1/javax.ws.rs-api-2.1.jar
2018-05-12 23:54:11,360 [Worker-26] INFO  o.e.m.c.i.e.AbstractTransferListenerAdapter - Downloading https://repo.maven.apache.org/maven2/org/glassfish/jersey/inject/jersey-hk2/2.27/jersey-hk2-2.27.jar
2018-05-12 23:54:11,804 [Worker-26] INFO  o.e.m.c.i.e.AbstractTransferListenerAdapter - Downloaded https://repo.maven.apache.org/maven2/org/glassfish/jersey/inject/jersey-hk2/2.27/jersey-hk2-2.27.jar
2018-05-12 23:54:12,065 [Worker-26] INFO  o.e.m.c.i.e.AbstractTransferListenerAdapter - Downloading https://repo.maven.apache.org/maven2/org/glassfish/hk2/hk2-locator/2.5.0-b42/hk2-locator-2.5.0-b42.jar
2018-05-12 23:54:12,782 [Worker-26] INFO  o.e.m.c.i.e.AbstractTransferListenerAdapter - Downloaded https://repo.maven.apache.org/maven2/org/glassfish/hk2/hk2-locator/2.5.0-b42/hk2-locator-2.5.0-b42.jar
2018-05-12 23:54:13,032 [Worker-26] INFO  o.e.m.c.i.e.AbstractTransferListenerAdapter - Downloading https://repo.maven.apache.org/maven2/org/glassfish/hk2/external/aopalliance-repackaged/2.5.0-b42/aopalliance-repackaged-2.5.0-b42.jar
2018-05-12 23:54:13,277 [Worker-26] INFO  o.e.m.c.i.e.AbstractTransferListenerAdapter - Downloaded https://repo.maven.apache.org/maven2/org/glassfish/hk2/external/aopalliance-repackaged/2.5.0-b42/aopalliance-repackaged-2.5.0-b42.jar
2018-05-12 23:54:13,537 [Worker-26] INFO  o.e.m.c.i.e.AbstractTransferListenerAdapter - Downloading https://repo.maven.apache.org/maven2/org/glassfish/hk2/hk2-api/2.5.0-b42/hk2-api-2.5.0-b42.jar
2018-05-12 23:54:14,238 [Worker-26] INFO  o.e.m.c.i.e.AbstractTransferListenerAdapter - Downloaded https://repo.maven.apache.org/maven2/org/glassfish/hk2/hk2-api/2.5.0-b42/hk2-api-2.5.0-b42.jar
2018-05-12 23:54:14,566 [Worker-26] INFO  o.e.m.c.i.e.AbstractTransferListenerAdapter - Downloading https://repo.maven.apache.org/maven2/javax/inject/javax.inject/1/javax.inject-1.jar
2018-05-12 23:54:14,871 [Worker-26] INFO  o.e.m.c.i.e.AbstractTransferListenerAdapter - Downloaded https://repo.maven.apache.org/maven2/javax/inject/javax.inject/1/javax.inject-1.jar
2018-05-12 23:54:15,106 [Worker-26] INFO  o.e.m.c.i.e.AbstractTransferListenerAdapter - Downloading https://repo.maven.apache.org/maven2/org/glassfish/hk2/hk2-utils/2.5.0-b42/hk2-utils-2.5.0-b42.jar
2018-05-12 23:54:15,694 [Worker-26] INFO  o.e.m.c.i.e.AbstractTransferListenerAdapter - Downloaded https://repo.maven.apache.org/maven2/org/glassfish/hk2/hk2-utils/2.5.0-b42/hk2-utils-2.5.0-b42.jar
2018-05-12 23:54:15,926 [Worker-26] INFO  o.e.m.c.i.e.AbstractTransferListenerAdapter - Downloading https://repo.maven.apache.org/maven2/org/javassist/javassist/3.22.0-CR2/javassist-3.22.0-CR2.jar
2018-05-12 23:54:18,164 [Worker-26] INFO  o.e.m.c.i.e.AbstractTransferListenerAdapter - Downloaded https://repo.maven.apache.org/maven2/org/javassist/javassist/3.22.0-CR2/javassist-3.22.0-CR2.jar
2018-05-12 23:54:23,540 [Worker-26] INFO  o.e.m.j.i.AbstractJavaProjectConfigurator - Adding source folder /MessangerAPI/src/main/java
2018-05-12 23:54:23,542 [Worker-26] INFO  o.e.m.j.i.AbstractJavaProjectConfigurator - Adding resource folder /MessangerAPI/src/main/resources
2018-05-12 23:54:23,557 [Worker-26] INFO  o.e.m.j.i.AbstractJavaProjectConfigurator - Adding source folder /MessangerAPI/src/test/java
2018-05-12 23:54:41,742 [Worker-26] INFO  o.e.m.c.i.p.ProjectConfigurationManager - Imported and configured 1 project(s) in 73 sec
2018-05-12 23:54:45,375 [Worker-29] INFO  o.e.m.c.i.embedder.EclipseLogger - Using 'UTF-8' encoding to copy filtered resources.
2018-05-12 23:54:45,411 [Worker-29] INFO  o.e.m.c.i.embedder.EclipseLogger - Copying 0 resource
2018-05-12 23:54:45,418 [Worker-29] INFO  o.e.m.c.i.embedder.EclipseLogger - Using 'UTF-8' encoding to copy filtered resources.
2018-05-12 23:54:45,419 [Worker-29] INFO  o.e.m.c.i.embedder.EclipseLogger - skip non existing resourceDirectory C:\Users\bk051495\workspace\Restful\MessangerAPI\src\test\resources
2018-05-12 23:56:50,144 [Worker-7] INFO  o.e.m.c.i.p.ProjectConfigurationManager - Update started
2018-05-12 23:56:51,710 [Worker-7] INFO  o.e.m.c.i.l.LifecycleMappingFactory - Using org.maven.ide.eclipse.wtp.WarLifecycleMapping lifecycle mapping for MavenProject: org.bhawna.restfulWebServices.1:MessangerAPI:0.0.1-SNAPSHOT @ C:\Users\bk051495\workspace\Restful\MessangerAPI\pom.xml.
2018-05-12 23:56:53,920 [Worker-7] INFO  o.e.m.j.i.AbstractJavaProjectConfigurator - Adding source folder /MessangerAPI/src/main/java
2018-05-12 23:56:53,921 [Worker-7] INFO  o.e.m.j.i.AbstractJavaProjectConfigurator - Adding resource folder /MessangerAPI/src/main/resources
2018-05-12 23:56:53,922 [Worker-7] INFO  o.e.m.j.i.AbstractJavaProjectConfigurator - Adding source folder /MessangerAPI/src/test/java
2018-05-12 23:56:54,589 [Worker-7] INFO  o.e.m.w.i.f.ResourceFilteringBuildParticipant - Cleaning filtered folder for MessangerAPI
2018-05-12 23:56:54,609 [Worker-7] INFO  o.e.m.c.i.p.ProjectConfigurationManager - Update completed: 4 sec
2018-05-12 23:56:55,157 [Worker-24] INFO  o.e.m.c.i.embedder.EclipseLogger - Using 'UTF-8' encoding to copy filtered resources.
2018-05-12 23:56:55,158 [Worker-24] INFO  o.e.m.c.i.embedder.EclipseLogger - Copying 0 resource
2018-05-12 23:56:55,160 [Worker-24] INFO  o.e.m.c.i.embedder.EclipseLogger - Using 'UTF-8' encoding to copy filtered resources.
2018-05-12 23:56:55,160 [Worker-24] INFO  o.e.m.c.i.embedder.EclipseLogger - skip non existing resourceDirectory C:\Users\bk051495\workspace\Restful\MessangerAPI\src\test\resources
2018-05-12 23:56:55,161 [Worker-24] INFO  o.e.m.w.i.f.ResourceFilteringBuildParticipant - Changed resources require a complete clean of filtered resources of MessangerAPI
2018-05-12 23:56:55,174 [Worker-24] INFO  o.e.m.w.i.f.ResourceFilteringBuildParticipant - Executing resource filtering for MessangerAPI
2018-05-12 23:56:55,182 [Worker-24] INFO  o.e.m.c.i.embedder.EclipseLogger - Using 'UTF-8' encoding to copy filtered resources.
2018-05-13 00:06:34,570 [Worker-7] INFO  o.e.m.c.i.embedder.EclipseLogger - Using 'UTF-8' encoding to copy filtered resources.
2018-05-13 00:06:34,572 [Worker-7] INFO  o.e.m.c.i.embedder.EclipseLogger - Copying 0 resource
2018-05-13 00:06:34,574 [Worker-7] INFO  o.e.m.c.i.embedder.EclipseLogger - Using 'UTF-8' encoding to copy filtered resources.
2018-05-13 00:06:34,574 [Worker-7] INFO  o.e.m.c.i.embedder.EclipseLogger - skip non existing resourceDirectory C:\Users\bk051495\workspace\Restful\MessangerAPI\src\test\resources
2018-05-13 00:20:52,537 [Worker-28] INFO  o.e.m.c.i.embedder.EclipseLogger - Using 'UTF-8' encoding to copy filtered resources.
2018-05-13 00:20:52,569 [Worker-28] INFO  o.e.m.c.i.embedder.EclipseLogger - Copying 0 resource
2018-05-13 00:20:52,570 [Worker-28] INFO  o.e.m.c.i.embedder.EclipseLogger - Using 'UTF-8' encoding to copy filtered resources.
2018-05-13 00:20:52,570 [Worker-28] INFO  o.e.m.c.i.embedder.EclipseLogger - skip non existing resourceDirectory C:\Users\bk051495\workspace\Restful\MessangerAPI\src\test\resources
2018-05-13 00:26:54,151 [Worker-32] INFO  o.e.m.c.i.embedder.EclipseLogger - Using 'UTF-8' encoding to copy filtered resources.
2018-05-13 00:26:54,151 [Worker-32] INFO  o.e.m.c.i.embedder.EclipseLogger - Copying 0 resource
2018-05-13 00:26:54,151 [Worker-32] INFO  o.e.m.c.i.embedder.EclipseLogger - Using 'UTF-8' encoding to copy filtered resources.
2018-05-13 00:26:54,155 [Worker-32] INFO  o.e.m.c.i.embedder.EclipseLogger - skip non existing resourceDirectory C:\Users\bk051495\workspace\Restful\MessangerAPI\src\test\resources
2018-05-13 00:29:37,539 [Worker-39] INFO  o.e.m.c.i.embedder.EclipseLogger - Using 'UTF-8' encoding to copy filtered resources.
2018-05-13 00:29:37,541 [Worker-39] INFO  o.e.m.c.i.embedder.EclipseLogger - Copying 0 resource
2018-05-13 00:29:37,542 [Worker-39] INFO  o.e.m.c.i.embedder.EclipseLogger - Using 'UTF-8' encoding to copy filtered resources.
2018-05-13 00:29:37,542 [Worker-39] INFO  o.e.m.c.i.embedder.EclipseLogger - skip non existing resourceDirectory C:\Users\bk051495\workspace\Restful\MessangerAPI\src\test\resources
2018-05-13 00:31:42,108 [Worker-42] INFO  o.e.m.c.i.embedder.EclipseLogger - Using 'UTF-8' encoding to copy filtered resources.
2018-05-13 00:31:42,110 [Worker-42] INFO  o.e.m.c.i.embedder.EclipseLogger - Copying 0 resource
2018-05-13 00:31:42,111 [Worker-42] INFO  o.e.m.c.i.embedder.EclipseLogger - Using 'UTF-8' encoding to copy filtered resources.
2018-05-13 00:31:42,111 [Worker-42] INFO  o.e.m.c.i.embedder.EclipseLogger - skip non existing resourceDirectory C:\Users\bk051495\workspace\Restful\MessangerAPI\src\test\resources
2018-05-13 00:31:57,243 [Worker-40] INFO  o.e.m.c.i.embedder.EclipseLogger - Using 'UTF-8' encoding to copy filtered resources.
2018-05-13 00:31:57,244 [Worker-40] INFO  o.e.m.c.i.embedder.EclipseLogger - Copying 0 resource
2018-05-13 00:31:57,244 [Worker-40] INFO  o.e.m.c.i.embedder.EclipseLogger - Using 'UTF-8' encoding to copy filtered resources.
2018-05-13 00:31:57,244 [Worker-40] INFO  o.e.m.c.i.embedder.EclipseLogger - skip non existing resourceDirectory C:\Users\bk051495\workspace\Restful\MessangerAPI\src\test\resources
2018-05-13 00:47:05,026 [Worker-22] INFO  o.e.m.c.i.embedder.EclipseLogger - Using 'UTF-8' encoding to copy filtered resources.
2018-05-13 00:47:05,027 [Worker-22] INFO  o.e.m.c.i.embedder.EclipseLogger - Copying 0 resource
2018-05-13 00:47:05,031 [Worker-22] INFO  o.e.m.c.i.embedder.EclipseLogger - Using 'UTF-8' encoding to copy filtered resources.
2018-05-13 00:47:05,031 [Worker-22] INFO  o.e.m.c.i.embedder.EclipseLogger - skip non existing resourceDirectory C:\Users\bk051495\workspace\Restful\MessangerAPI\src\test\resources
2018-05-13 00:48:33,310 [Worker-45] INFO  o.e.m.c.i.embedder.EclipseLogger - Using 'UTF-8' encoding to copy filtered resources.
2018-05-13 00:48:33,310 [Worker-45] INFO  o.e.m.c.i.embedder.EclipseLogger - Copying 0 resource
2018-05-13 00:48:33,310 [Worker-45] INFO  o.e.m.c.i.embedder.EclipseLogger - Using 'UTF-8' encoding to copy filtered resources.
2018-05-13 00:48:33,310 [Worker-45] INFO  o.e.m.c.i.embedder.EclipseLogger - skip non existing resourceDirectory C:\Users\bk051495\workspace\Restful\MessangerAPI\src\test\resources
2018-05-13 00:49:37,124 [Worker-44] INFO  o.e.m.c.i.embedder.EclipseLogger - Using 'UTF-8' encoding to copy filtered resources.
2018-05-13 00:49:37,125 [Worker-44] INFO  o.e.m.c.i.embedder.EclipseLogger - Copying 0 resource
2018-05-13 00:49:37,127 [Worker-44] INFO  o.e.m.c.i.embedder.EclipseLogger - Using 'UTF-8' encoding to copy filtered resources.
2018-05-13 00:49:37,127 [Worker-44] INFO  o.e.m.c.i.embedder.EclipseLogger - skip non existing resourceDirectory C:\Users\bk051495\workspace\Restful\MessangerAPI\src\test\resources
2018-05-13 00:52:23,513 [Worker-45] INFO  o.e.m.c.i.embedder.EclipseLogger - Using 'UTF-8' encoding to copy filtered resources.
2018-05-13 00:52:23,513 [Worker-45] INFO  o.e.m.c.i.embedder.EclipseLogger - Copying 0 resource
2018-05-13 00:52:23,515 [Worker-45] INFO  o.e.m.c.i.embedder.EclipseLogger - Using 'UTF-8' encoding to copy filtered resources.
2018-05-13 00:52:23,516 [Worker-45] INFO  o.e.m.c.i.embedder.EclipseLogger - skip non existing resourceDirectory C:\Users\bk051495\workspace\Restful\MessangerAPI\src\test\resources
2018-05-13 00:52:46,417 [Worker-44] INFO  o.e.m.c.i.embedder.EclipseLogger - Using 'UTF-8' encoding to copy filtered resources.
2018-05-13 00:52:46,418 [Worker-44] INFO  o.e.m.c.i.embedder.EclipseLogger - Copying 0 resource
2018-05-13 00:52:46,420 [Worker-44] INFO  o.e.m.c.i.embedder.EclipseLogger - Using 'UTF-8' encoding to copy filtered resources.
2018-05-13 00:52:46,420 [Worker-44] INFO  o.e.m.c.i.embedder.EclipseLogger - skip non existing resourceDirectory C:\Users\bk051495\workspace\Restful\MessangerAPI\src\test\resources
2018-05-13 00:55:46,068 [Worker-47] INFO  o.e.m.c.i.embedder.EclipseLogger - Using 'UTF-8' encoding to copy filtered resources.
2018-05-13 00:55:46,068 [Worker-47] INFO  o.e.m.c.i.embedder.EclipseLogger - Copying 0 resource
2018-05-13 00:55:46,068 [Worker-47] INFO  o.e.m.c.i.embedder.EclipseLogger - Using 'UTF-8' encoding to copy filtered resources.
2018-05-13 00:55:46,068 [Worker-47] INFO  o.e.m.c.i.embedder.EclipseLogger - skip non existing resourceDirectory C:\Users\bk051495\workspace\Restful\MessangerAPI\src\test\resources
2018-05-13 00:56:39,452 [Worker-40] INFO  o.e.m.c.i.embedder.EclipseLogger - Using 'UTF-8' encoding to copy filtered resources.
2018-05-13 00:56:39,453 [Worker-40] INFO  o.e.m.c.i.embedder.EclipseLogger - Copying 0 resource
2018-05-13 00:56:39,455 [Worker-40] INFO  o.e.m.c.i.embedder.EclipseLogger - Using 'UTF-8' encoding to copy filtered resources.
2018-05-13 00:56:39,456 [Worker-40] INFO  o.e.m.c.i.embedder.EclipseLogger - skip non existing resourceDirectory C:\Users\bk051495\workspace\Restful\MessangerAPI\src\test\resources
2018-05-13 00:58:18,616 [Worker-40] INFO  o.e.m.c.i.embedder.EclipseLogger - Using 'UTF-8' encoding to copy filtered resources.
2018-05-13 00:58:18,616 [Worker-40] INFO  o.e.m.c.i.embedder.EclipseLogger - Copying 0 resource
2018-05-13 00:58:18,619 [Worker-40] INFO  o.e.m.c.i.embedder.EclipseLogger - Using 'UTF-8' encoding to copy filtered resources.
2018-05-13 00:58:18,619 [Worker-40] INFO  o.e.m.c.i.embedder.EclipseLogger - skip non existing resourceDirectory C:\Users\bk051495\workspace\Restful\MessangerAPI\src\test\resources
2018-05-13 00:59:10,560 [Worker-40] INFO  o.e.m.c.i.embedder.EclipseLogger - Using 'UTF-8' encoding to copy filtered resources.
2018-05-13 00:59:10,560 [Worker-40] INFO  o.e.m.c.i.embedder.EclipseLogger - Copying 0 resource
2018-05-13 00:59:10,564 [Worker-40] INFO  o.e.m.c.i.embedder.EclipseLogger - Using 'UTF-8' encoding to copy filtered resources.
2018-05-13 00:59:10,565 [Worker-40] INFO  o.e.m.c.i.embedder.EclipseLogger - skip non existing resourceDirectory C:\Users\bk051495\workspace\Restful\MessangerAPI\src\test\resources
2018-05-13 01:04:03,637 [Worker-50] INFO  o.e.m.c.i.embedder.EclipseLogger - Using 'UTF-8' encoding to copy filtered resources.
2018-05-13 01:04:03,640 [Worker-50] INFO  o.e.m.c.i.embedder.EclipseLogger - Copying 0 resource
2018-05-13 01:04:03,642 [Worker-50] INFO  o.e.m.c.i.embedder.EclipseLogger - Using 'UTF-8' encoding to copy filtered resources.
2018-05-13 01:04:03,643 [Worker-50] INFO  o.e.m.c.i.embedder.EclipseLogger - skip non existing resourceDirectory C:\Users\bk051495\workspace\Restful\MessangerAPI\src\test\resources
2018-05-13 02:11:10,182 [Worker-66] INFO  o.e.m.c.i.embedder.EclipseLogger - Using 'UTF-8' encoding to copy filtered resources.
2018-05-13 02:11:10,184 [Worker-66] INFO  o.e.m.c.i.embedder.EclipseLogger - Copying 0 resource
2018-05-13 02:11:10,185 [Worker-66] INFO  o.e.m.c.i.embedder.EclipseLogger - Using 'UTF-8' encoding to copy filtered resources.
2018-05-13 02:11:10,186 [Worker-66] INFO  o.e.m.c.i.embedder.EclipseLogger - skip non existing resourceDirectory C:\Users\bk051495\workspace\Restful\MessangerAPI\src\test\resources
2018-05-13 02:11:30,023 [Worker-67] INFO  o.e.m.c.i.embedder.EclipseLogger - Using 'UTF-8' encoding to copy filtered resources.
2018-05-13 02:11:30,025 [Worker-67] INFO  o.e.m.c.i.embedder.EclipseLogger - Copying 0 resource
2018-05-13 02:11:30,026 [Worker-67] INFO  o.e.m.c.i.embedder.EclipseLogger - Using 'UTF-8' encoding to copy filtered resources.
2018-05-13 02:11:30,027 [Worker-67] INFO  o.e.m.c.i.embedder.EclipseLogger - skip non existing resourceDirectory C:\Users\bk051495\workspace\Restful\MessangerAPI\src\test\resources
2018-05-13 02:12:33,755 [Worker-66] INFO  o.e.m.c.i.embedder.EclipseLogger - Using 'UTF-8' encoding to copy filtered resources.
2018-05-13 02:12:33,757 [Worker-66] INFO  o.e.m.c.i.embedder.EclipseLogger - Copying 0 resource
2018-05-13 02:12:33,758 [Worker-66] INFO  o.e.m.c.i.embedder.EclipseLogger - Using 'UTF-8' encoding to copy filtered resources.
2018-05-13 02:12:33,759 [Worker-66] INFO  o.e.m.c.i.embedder.EclipseLogger - skip non existing resourceDirectory C:\Users\bk051495\workspace\Restful\MessangerAPI\src\test\resources
2018-05-13 05:54:11,600 [Worker-81] INFO  o.e.m.c.i.embedder.EclipseLogger - Using 'UTF-8' encoding to copy filtered resources.
2018-05-13 05:54:11,603 [Worker-81] INFO  o.e.m.c.i.embedder.EclipseLogger - Copying 0 resource
2018-05-13 05:54:11,604 [Worker-81] INFO  o.e.m.c.i.embedder.EclipseLogger - Using 'UTF-8' encoding to copy filtered resources.
2018-05-13 05:54:11,604 [Worker-81] INFO  o.e.m.c.i.embedder.EclipseLogger - skip non existing resourceDirectory C:\Users\bk051495\workspace\Restful\MessangerAPI\src\test\resources
2018-05-13 06:05:38,424 [Worker-90] INFO  o.e.m.c.i.embedder.EclipseLogger - Using 'UTF-8' encoding to copy filtered resources.
2018-05-13 06:05:38,426 [Worker-90] INFO  o.e.m.c.i.embedder.EclipseLogger - Copying 0 resource
2018-05-13 06:05:38,428 [Worker-90] INFO  o.e.m.c.i.embedder.EclipseLogger - Using 'UTF-8' encoding to copy filtered resources.
2018-05-13 06:05:38,428 [Worker-90] INFO  o.e.m.c.i.embedder.EclipseLogger - skip non existing resourceDirectory C:\Users\bk051495\workspace\Restful\MessangerAPI\src\test\resources
2018-05-13 06:05:51,632 [Worker-81] INFO  o.e.m.c.i.embedder.EclipseLogger - Using 'UTF-8' encoding to copy filtered resources.
2018-05-13 06:05:51,633 [Worker-81] INFO  o.e.m.c.i.embedder.EclipseLogger - Copying 0 resource
2018-05-13 06:05:51,634 [Worker-81] INFO  o.e.m.c.i.embedder.EclipseLogger - Using 'UTF-8' encoding to copy filtered resources.
2018-05-13 06:05:51,634 [Worker-81] INFO  o.e.m.c.i.embedder.EclipseLogger - skip non existing resourceDirectory C:\Users\bk051495\workspace\Restful\MessangerAPI\src\test\resources
2018-05-13 06:07:14,797 [Worker-90] INFO  o.e.m.c.i.embedder.EclipseLogger - Using 'UTF-8' encoding to copy filtered resources.
2018-05-13 06:07:14,797 [Worker-90] INFO  o.e.m.c.i.embedder.EclipseLogger - Copying 0 resource
2018-05-13 06:07:14,799 [Worker-90] INFO  o.e.m.c.i.embedder.EclipseLogger - Using 'UTF-8' encoding to copy filtered resources.
2018-05-13 06:07:14,799 [Worker-90] INFO  o.e.m.c.i.embedder.EclipseLogger - skip non existing resourceDirectory C:\Users\bk051495\workspace\Restful\MessangerAPI\src\test\resources
2018-05-13 06:07:37,292 [Worker-86] INFO  o.e.m.c.i.embedder.EclipseLogger - Using 'UTF-8' encoding to copy filtered resources.
2018-05-13 06:07:37,293 [Worker-86] INFO  o.e.m.c.i.embedder.EclipseLogger - Copying 0 resource
2018-05-13 06:07:37,294 [Worker-86] INFO  o.e.m.c.i.embedder.EclipseLogger - Using 'UTF-8' encoding to copy filtered resources.
2018-05-13 06:07:37,295 [Worker-86] INFO  o.e.m.c.i.embedder.EclipseLogger - skip non existing resourceDirectory C:\Users\bk051495\workspace\Restful\MessangerAPI\src\test\resources
2018-05-13 06:16:38,225 [Worker-92] INFO  o.e.m.c.i.l.LifecycleMappingFactory - Using org.maven.ide.eclipse.wtp.WarLifecycleMapping lifecycle mapping for MavenProject: org.bhawna.restfulWebServices.1:MessangerAPI:0.0.1-SNAPSHOT @ C:\Users\bk051495\workspace\Restful\MessangerAPI\pom.xml.
2018-05-13 06:16:40,066 [Worker-92] INFO  o.e.m.c.i.e.AbstractTransferListenerAdapter - Downloading https://repo.maven.apache.org/maven2/org/glassfish/jersey/media/jersey-media-json-binding/2.27/jersey-media-json-binding-2.27.pom
2018-05-13 06:16:40,348 [Worker-92] INFO  o.e.m.c.i.e.AbstractTransferListenerAdapter - Downloaded https://repo.maven.apache.org/maven2/org/glassfish/jersey/media/jersey-media-json-binding/2.27/jersey-media-json-binding-2.27.pom
2018-05-13 06:16:40,619 [Worker-92] INFO  o.e.m.c.i.e.AbstractTransferListenerAdapter - Downloading https://repo.maven.apache.org/maven2/org/glassfish/javax.json/1.1/javax.json-1.1.pom
2018-05-13 06:16:40,989 [Worker-92] INFO  o.e.m.c.i.e.AbstractTransferListenerAdapter - Downloaded https://repo.maven.apache.org/maven2/org/glassfish/javax.json/1.1/javax.json-1.1.pom
2018-05-13 06:16:41,266 [Worker-92] INFO  o.e.m.c.i.e.AbstractTransferListenerAdapter - Downloading https://repo.maven.apache.org/maven2/org/glassfish/json/1.1/json-1.1.pom
2018-05-13 06:16:41,652 [Worker-92] INFO  o.e.m.c.i.e.AbstractTransferListenerAdapter - Downloaded https://repo.maven.apache.org/maven2/org/glassfish/json/1.1/json-1.1.pom
2018-05-13 06:16:41,935 [Worker-92] INFO  o.e.m.c.i.e.AbstractTransferListenerAdapter - Downloading https://repo.maven.apache.org/maven2/org/eclipse/yasson/1.0/yasson-1.0.pom
2018-05-13 06:16:42,314 [Worker-92] INFO  o.e.m.c.i.e.AbstractTransferListenerAdapter - Downloaded https://repo.maven.apache.org/maven2/org/eclipse/yasson/1.0/yasson-1.0.pom
2018-05-13 06:16:42,599 [Worker-92] INFO  o.e.m.c.i.e.AbstractTransferListenerAdapter - Downloading https://repo.maven.apache.org/maven2/javax/json/bind/javax.json.bind-api/1.0/javax.json.bind-api-1.0.pom
2018-05-13 06:16:42,978 [Worker-92] INFO  o.e.m.c.i.e.AbstractTransferListenerAdapter - Downloaded https://repo.maven.apache.org/maven2/javax/json/bind/javax.json.bind-api/1.0/javax.json.bind-api-1.0.pom
2018-05-13 06:16:43,257 [Worker-92] INFO  o.e.m.c.i.e.AbstractTransferListenerAdapter - Downloading https://repo.maven.apache.org/maven2/javax/json/javax.json-api/1.1/javax.json-api-1.1.pom
2018-05-13 06:16:43,578 [Worker-92] INFO  o.e.m.c.i.e.AbstractTransferListenerAdapter - Downloaded https://repo.maven.apache.org/maven2/javax/json/javax.json-api/1.1/javax.json-api-1.1.pom
2018-05-13 06:16:43,860 [Worker-92] INFO  o.e.m.c.i.e.AbstractTransferListenerAdapter - Downloading https://repo.maven.apache.org/maven2/javax/enterprise/cdi-api/2.0/cdi-api-2.0.pom
2018-05-13 06:16:44,173 [Worker-92] INFO  o.e.m.c.i.e.AbstractTransferListenerAdapter - Downloaded https://repo.maven.apache.org/maven2/javax/enterprise/cdi-api/2.0/cdi-api-2.0.pom
2018-05-13 06:16:44,453 [Worker-92] INFO  o.e.m.c.i.e.AbstractTransferListenerAdapter - Downloading https://repo.maven.apache.org/maven2/org/jboss/weld/weld-parent/36/weld-parent-36.pom
2018-05-13 06:16:44,792 [Worker-92] INFO  o.e.m.c.i.e.AbstractTransferListenerAdapter - Downloaded https://repo.maven.apache.org/maven2/org/jboss/weld/weld-parent/36/weld-parent-36.pom
2018-05-13 06:16:45,066 [Worker-92] INFO  o.e.m.c.i.e.AbstractTransferListenerAdapter - Downloading https://repo.maven.apache.org/maven2/javax/el/javax.el-api/3.0.0/javax.el-api-3.0.0.pom
2018-05-13 06:16:45,400 [Worker-92] INFO  o.e.m.c.i.e.AbstractTransferListenerAdapter - Downloaded https://repo.maven.apache.org/maven2/javax/el/javax.el-api/3.0.0/javax.el-api-3.0.0.pom
2018-05-13 06:16:45,678 [Worker-92] INFO  o.e.m.c.i.e.AbstractTransferListenerAdapter - Downloading https://repo.maven.apache.org/maven2/javax/interceptor/javax.interceptor-api/1.2/javax.interceptor-api-1.2.pom
2018-05-13 06:16:46,000 [Worker-92] INFO  o.e.m.c.i.e.AbstractTransferListenerAdapter - Downloaded https://repo.maven.apache.org/maven2/javax/interceptor/javax.interceptor-api/1.2/javax.interceptor-api-1.2.pom
2018-05-13 06:16:46,315 [Worker-92] INFO  o.e.m.c.i.e.AbstractTransferListenerAdapter - Downloading https://repo.maven.apache.org/maven2/org/glassfish/jersey/media/jersey-media-json-binding/2.27/jersey-media-json-binding-2.27.jar
2018-05-13 06:16:46,640 [Worker-92] INFO  o.e.m.c.i.e.AbstractTransferListenerAdapter - Downloaded https://repo.maven.apache.org/maven2/org/glassfish/jersey/media/jersey-media-json-binding/2.27/jersey-media-json-binding-2.27.jar
2018-05-13 06:16:46,908 [Worker-92] INFO  o.e.m.c.i.e.AbstractTransferListenerAdapter - Downloading https://repo.maven.apache.org/maven2/org/glassfish/javax.json/1.1/javax.json-1.1.jar
2018-05-13 06:16:47,735 [Worker-92] INFO  o.e.m.c.i.e.AbstractTransferListenerAdapter - Downloaded https://repo.maven.apache.org/maven2/org/glassfish/javax.json/1.1/javax.json-1.1.jar
2018-05-13 06:16:48,022 [Worker-92] INFO  o.e.m.c.i.e.AbstractTransferListenerAdapter - Downloading https://repo.maven.apache.org/maven2/org/eclipse/yasson/1.0/yasson-1.0.jar
2018-05-13 06:16:49,092 [Worker-92] INFO  o.e.m.c.i.e.AbstractTransferListenerAdapter - Downloaded https://repo.maven.apache.org/maven2/org/eclipse/yasson/1.0/yasson-1.0.jar
2018-05-13 06:16:49,358 [Worker-92] INFO  o.e.m.c.i.e.AbstractTransferListenerAdapter - Downloading https://repo.maven.apache.org/maven2/javax/json/javax.json-api/1.1/javax.json-api-1.1.jar
2018-05-13 06:16:49,664 [Worker-92] INFO  o.e.m.c.i.e.AbstractTransferListenerAdapter - Downloaded https://repo.maven.apache.org/maven2/javax/json/javax.json-api/1.1/javax.json-api-1.1.jar
2018-05-13 06:16:49,934 [Worker-92] INFO  o.e.m.c.i.e.AbstractTransferListenerAdapter - Downloading https://repo.maven.apache.org/maven2/javax/enterprise/cdi-api/2.0/cdi-api-2.0.jar
2018-05-13 06:16:50,270 [Worker-92] INFO  o.e.m.c.i.e.AbstractTransferListenerAdapter - Downloaded https://repo.maven.apache.org/maven2/javax/enterprise/cdi-api/2.0/cdi-api-2.0.jar
2018-05-13 06:16:50,548 [Worker-92] INFO  o.e.m.c.i.e.AbstractTransferListenerAdapter - Downloading https://repo.maven.apache.org/maven2/javax/el/javax.el-api/3.0.0/javax.el-api-3.0.0.jar
2018-05-13 06:16:50,840 [Worker-92] INFO  o.e.m.c.i.e.AbstractTransferListenerAdapter - Downloaded https://repo.maven.apache.org/maven2/javax/el/javax.el-api/3.0.0/javax.el-api-3.0.0.jar
2018-05-13 06:16:51,102 [Worker-92] INFO  o.e.m.c.i.e.AbstractTransferListenerAdapter - Downloading https://repo.maven.apache.org/maven2/javax/interceptor/javax.interceptor-api/1.2/javax.interceptor-api-1.2.jar
2018-05-13 06:16:51,389 [Worker-92] INFO  o.e.m.c.i.e.AbstractTransferListenerAdapter - Downloaded https://repo.maven.apache.org/maven2/javax/interceptor/javax.interceptor-api/1.2/javax.interceptor-api-1.2.jar
2018-05-13 06:16:51,650 [Worker-92] INFO  o.e.m.c.i.e.AbstractTransferListenerAdapter - Downloading https://repo.maven.apache.org/maven2/javax/json/bind/javax.json.bind-api/1.0/javax.json.bind-api-1.0.jar
2018-05-13 06:16:51,933 [Worker-92] INFO  o.e.m.c.i.e.AbstractTransferListenerAdapter - Downloaded https://repo.maven.apache.org/maven2/javax/json/bind/javax.json.bind-api/1.0/javax.json.bind-api-1.0.jar
2018-05-13 06:16:54,192 [Worker-92] INFO  o.e.m.c.i.embedder.EclipseLogger - Using 'UTF-8' encoding to copy filtered resources.
2018-05-13 06:16:54,194 [Worker-92] INFO  o.e.m.c.i.embedder.EclipseLogger - Copying 0 resource
2018-05-13 06:16:54,196 [Worker-92] INFO  o.e.m.c.i.embedder.EclipseLogger - Using 'UTF-8' encoding to copy filtered resources.
2018-05-13 06:16:54,196 [Worker-92] INFO  o.e.m.c.i.embedder.EclipseLogger - skip non existing resourceDirectory C:\Users\bk051495\workspace\Restful\MessangerAPI\src\test\resources
2018-05-13 06:16:54,197 [Worker-92] INFO  o.e.m.w.i.f.ResourceFilteringBuildParticipant - Changed resources require a complete clean of filtered resources of MessangerAPI
2018-05-13 06:16:54,197 [Worker-92] INFO  o.e.m.w.i.f.ResourceFilteringBuildParticipant - Executing resource filtering for MessangerAPI
2018-05-13 06:16:54,203 [Worker-92] INFO  o.e.m.c.i.embedder.EclipseLogger - Using 'UTF-8' encoding to copy filtered resources.
2018-05-13 06:16:56,158 [Worker-97] INFO  o.e.m.c.i.embedder.EclipseLogger - Using 'UTF-8' encoding to copy filtered resources.
2018-05-13 06:16:56,159 [Worker-97] INFO  o.e.m.c.i.embedder.EclipseLogger - Copying 0 resource
2018-05-13 06:16:56,160 [Worker-97] INFO  o.e.m.c.i.embedder.EclipseLogger - Using 'UTF-8' encoding to copy filtered resources.
2018-05-13 06:16:56,160 [Worker-97] INFO  o.e.m.c.i.embedder.EclipseLogger - skip non existing resourceDirectory C:\Users\bk051495\workspace\Restful\MessangerAPI\src\test\resources
2018-05-13 06:17:33,304 [Worker-81] INFO  o.e.m.c.i.embedder.EclipseLogger - Using 'UTF-8' encoding to copy filtered resources.
2018-05-13 06:17:33,305 [Worker-81] INFO  o.e.m.c.i.embedder.EclipseLogger - Copying 0 resource
2018-05-13 06:17:33,306 [Worker-81] INFO  o.e.m.c.i.embedder.EclipseLogger - Using 'UTF-8' encoding to copy filtered resources.
2018-05-13 06:17:33,307 [Worker-81] INFO  o.e.m.c.i.embedder.EclipseLogger - skip non existing resourceDirectory C:\Users\bk051495\workspace\Restful\MessangerAPI\src\test\resources
2018-05-13 06:17:37,978 [Worker-94] INFO  o.e.m.c.i.embedder.EclipseLogger - Using 'UTF-8' encoding to copy filtered resources.
2018-05-13 06:17:37,979 [Worker-94] INFO  o.e.m.c.i.embedder.EclipseLogger - Copying 0 resource
2018-05-13 06:17:37,980 [Worker-94] INFO  o.e.m.c.i.embedder.EclipseLogger - Using 'UTF-8' encoding to copy filtered resources.
2018-05-13 06:17:37,980 [Worker-94] INFO  o.e.m.c.i.embedder.EclipseLogger - skip non existing resourceDirectory C:\Users\bk051495\workspace\Restful\MessangerAPI\src\test\resources
2018-05-13 06:17:42,021 [Worker-92] INFO  o.e.m.c.i.embedder.EclipseLogger - Using 'UTF-8' encoding to copy filtered resources.
2018-05-13 06:17:42,022 [Worker-92] INFO  o.e.m.c.i.embedder.EclipseLogger - Copying 0 resource
2018-05-13 06:17:42,024 [Worker-92] INFO  o.e.m.c.i.embedder.EclipseLogger - Using 'UTF-8' encoding to copy filtered resources.
2018-05-13 06:17:42,024 [Worker-92] INFO  o.e.m.c.i.embedder.EclipseLogger - skip non existing resourceDirectory C:\Users\bk051495\workspace\Restful\MessangerAPI\src\test\resources
2018-05-13 06:19:11,310 [Worker-98] INFO  o.e.m.c.i.embedder.EclipseLogger - Using 'UTF-8' encoding to copy filtered resources.
2018-05-13 06:19:11,311 [Worker-98] INFO  o.e.m.c.i.embedder.EclipseLogger - Copying 0 resource
2018-05-13 06:19:11,312 [Worker-98] INFO  o.e.m.c.i.embedder.EclipseLogger - Using 'UTF-8' encoding to copy filtered resources.
2018-05-13 06:19:11,313 [Worker-98] INFO  o.e.m.c.i.embedder.EclipseLogger - skip non existing resourceDirectory C:\Users\bk051495\workspace\Restful\MessangerAPI\src\test\resources
2018-05-13 06:19:15,468 [Worker-97] INFO  o.e.m.c.i.embedder.EclipseLogger - Using 'UTF-8' encoding to copy filtered resources.
2018-05-13 06:19:15,469 [Worker-97] INFO  o.e.m.c.i.embedder.EclipseLogger - Copying 0 resource
2018-05-13 06:19:15,470 [Worker-97] INFO  o.e.m.c.i.embedder.EclipseLogger - Using 'UTF-8' encoding to copy filtered resources.
2018-05-13 06:19:15,471 [Worker-97] INFO  o.e.m.c.i.embedder.EclipseLogger - skip non existing resourceDirectory C:\Users\bk051495\workspace\Restful\MessangerAPI\src\test\resources
2018-05-13 06:19:20,389 [Worker-98] INFO  o.e.m.c.i.embedder.EclipseLogger - Using 'UTF-8' encoding to copy filtered resources.
2018-05-13 06:19:20,390 [Worker-98] INFO  o.e.m.c.i.embedder.EclipseLogger - Copying 0 resource
2018-05-13 06:19:20,391 [Worker-98] INFO  o.e.m.c.i.embedder.EclipseLogger - Using 'UTF-8' encoding to copy filtered resources.
2018-05-13 06:19:20,391 [Worker-98] INFO  o.e.m.c.i.embedder.EclipseLogger - skip non existing resourceDirectory C:\Users\bk051495\workspace\Restful\MessangerAPI\src\test\resources
2018-05-13 06:19:51,676 [Worker-95] INFO  o.e.m.c.i.embedder.EclipseLogger - Using 'UTF-8' encoding to copy filtered resources.
2018-05-13 06:19:51,677 [Worker-95] INFO  o.e.m.c.i.embedder.EclipseLogger - Copying 0 resource
2018-05-13 06:19:51,678 [Worker-95] INFO  o.e.m.c.i.embedder.EclipseLogger - Using 'UTF-8' encoding to copy filtered resources.
2018-05-13 06:19:51,679 [Worker-95] INFO  o.e.m.c.i.embedder.EclipseLogger - skip non existing resourceDirectory C:\Users\bk051495\workspace\Restful\MessangerAPI\src\test\resources
2018-05-13 06:20:30,539 [Worker-99] INFO  o.e.m.c.i.embedder.EclipseLogger - Using 'UTF-8' encoding to copy filtered resources.
2018-05-13 06:20:30,540 [Worker-99] INFO  o.e.m.c.i.embedder.EclipseLogger - Copying 0 resource
2018-05-13 06:20:30,542 [Worker-99] INFO  o.e.m.c.i.embedder.EclipseLogger - Using 'UTF-8' encoding to copy filtered resources.
2018-05-13 06:20:30,542 [Worker-99] INFO  o.e.m.c.i.embedder.EclipseLogger - skip non existing resourceDirectory C:\Users\bk051495\workspace\Restful\MessangerAPI\src\test\resources
2018-05-13 06:34:28,019 [Worker-104] INFO  o.e.m.c.i.embedder.EclipseLogger - Using 'UTF-8' encoding to copy filtered resources.
2018-05-13 06:34:28,020 [Worker-104] INFO  o.e.m.c.i.embedder.EclipseLogger - Copying 0 resource
2018-05-13 06:34:28,021 [Worker-104] INFO  o.e.m.c.i.embedder.EclipseLogger - Using 'UTF-8' encoding to copy filtered resources.
2018-05-13 06:34:28,022 [Worker-104] INFO  o.e.m.c.i.embedder.EclipseLogger - skip non existing resourceDirectory C:\Users\bk051495\workspace\Restful\MessangerAPI\src\test\resources
2018-05-13 06:35:39,806 [Worker-96] INFO  o.e.m.c.i.embedder.EclipseLogger - Using 'UTF-8' encoding to copy filtered resources.
2018-05-13 06:35:39,807 [Worker-96] INFO  o.e.m.c.i.embedder.EclipseLogger - Copying 0 resource
2018-05-13 06:35:39,807 [Worker-96] INFO  o.e.m.c.i.embedder.EclipseLogger - Using 'UTF-8' encoding to copy filtered resources.
2018-05-13 06:35:39,808 [Worker-96] INFO  o.e.m.c.i.embedder.EclipseLogger - skip non existing resourceDirectory C:\Users\bk051495\workspace\Restful\MessangerAPI\src\test\resources
2018-05-13 06:38:03,215 [Worker-96] INFO  o.e.m.c.i.embedder.EclipseLogger - Using 'UTF-8' encoding to copy filtered resources.
2018-05-13 06:38:03,216 [Worker-96] INFO  o.e.m.c.i.embedder.EclipseLogger - Copying 0 resource
2018-05-13 06:38:03,217 [Worker-96] INFO  o.e.m.c.i.embedder.EclipseLogger - Using 'UTF-8' encoding to copy filtered resources.
2018-05-13 06:38:03,218 [Worker-96] INFO  o.e.m.c.i.embedder.EclipseLogger - skip non existing resourceDirectory C:\Users\bk051495\workspace\Restful\MessangerAPI\src\test\resources
2018-05-13 06:39:59,968 [Worker-106] INFO  o.e.m.c.i.embedder.EclipseLogger - Using 'UTF-8' encoding to copy filtered resources.
2018-05-13 06:39:59,969 [Worker-106] INFO  o.e.m.c.i.embedder.EclipseLogger - Copying 0 resource
2018-05-13 06:39:59,970 [Worker-106] INFO  o.e.m.c.i.embedder.EclipseLogger - Using 'UTF-8' encoding to copy filtered resources.
2018-05-13 06:39:59,971 [Worker-106] INFO  o.e.m.c.i.embedder.EclipseLogger - skip non existing resourceDirectory C:\Users\bk051495\workspace\Restful\MessangerAPI\src\test\resources
2018-05-13 06:40:51,191 [Worker-103] INFO  o.e.m.c.i.embedder.EclipseLogger - Using 'UTF-8' encoding to copy filtered resources.
2018-05-13 06:40:51,192 [Worker-103] INFO  o.e.m.c.i.embedder.EclipseLogger - Copying 0 resource
2018-05-13 06:40:51,193 [Worker-103] INFO  o.e.m.c.i.embedder.EclipseLogger - Using 'UTF-8' encoding to copy filtered resources.
2018-05-13 06:40:51,193 [Worker-103] INFO  o.e.m.c.i.embedder.EclipseLogger - skip non existing resourceDirectory C:\Users\bk051495\workspace\Restful\MessangerAPI\src\test\resources
2018-05-13 06:43:47,153 [Worker-96] INFO  o.e.m.c.i.embedder.EclipseLogger - Using 'UTF-8' encoding to copy filtered resources.
2018-05-13 06:43:47,155 [Worker-96] INFO  o.e.m.c.i.embedder.EclipseLogger - Copying 0 resource
2018-05-13 06:43:47,157 [Worker-96] INFO  o.e.m.c.i.embedder.EclipseLogger - Using 'UTF-8' encoding to copy filtered resources.
2018-05-13 06:43:47,157 [Worker-96] INFO  o.e.m.c.i.embedder.EclipseLogger - skip non existing resourceDirectory C:\Users\bk051495\workspace\Restful\MessangerAPI\src\test\resources
2018-05-13 06:47:48,734 [Worker-107] INFO  o.e.m.c.i.embedder.EclipseLogger - Using 'UTF-8' encoding to copy filtered resources.
2018-05-13 06:47:48,735 [Worker-107] INFO  o.e.m.c.i.embedder.EclipseLogger - Copying 0 resource
2018-05-13 06:47:48,736 [Worker-107] INFO  o.e.m.c.i.embedder.EclipseLogger - Using 'UTF-8' encoding to copy filtered resources.
2018-05-13 06:47:48,737 [Worker-107] INFO  o.e.m.c.i.embedder.EclipseLogger - skip non existing resourceDirectory C:\Users\bk051495\workspace\Restful\MessangerAPI\src\test\resources
2018-05-13 06:50:24,247 [Worker-111] INFO  o.e.m.c.i.embedder.EclipseLogger - Using 'UTF-8' encoding to copy filtered resources.
2018-05-13 06:50:24,248 [Worker-111] INFO  o.e.m.c.i.embedder.EclipseLogger - Copying 0 resource
2018-05-13 06:50:24,249 [Worker-111] INFO  o.e.m.c.i.embedder.EclipseLogger - Using 'UTF-8' encoding to copy filtered resources.
2018-05-13 06:50:24,250 [Worker-111] INFO  o.e.m.c.i.embedder.EclipseLogger - skip non existing resourceDirectory C:\Users\bk051495\workspace\Restful\MessangerAPI\src\test\resources
2018-05-13 06:56:24,853 [Worker-107] INFO  o.e.m.c.i.embedder.EclipseLogger - Using 'UTF-8' encoding to copy filtered resources.
2018-05-13 06:56:24,854 [Worker-107] INFO  o.e.m.c.i.embedder.EclipseLogger - Copying 0 resource
2018-05-13 06:56:24,855 [Worker-107] INFO  o.e.m.c.i.embedder.EclipseLogger - Using 'UTF-8' encoding to copy filtered resources.
2018-05-13 06:56:24,855 [Worker-107] INFO  o.e.m.c.i.embedder.EclipseLogger - skip non existing resourceDirectory C:\Users\bk051495\workspace\Restful\MessangerAPI\src\test\resources
2018-05-13 06:59:25,967 [Worker-107] INFO  o.e.m.c.i.embedder.EclipseLogger - Using 'UTF-8' encoding to copy filtered resources.
2018-05-13 06:59:25,968 [Worker-107] INFO  o.e.m.c.i.embedder.EclipseLogger - Copying 0 resource
2018-05-13 06:59:25,969 [Worker-107] INFO  o.e.m.c.i.embedder.EclipseLogger - Using 'UTF-8' encoding to copy filtered resources.
2018-05-13 06:59:25,970 [Worker-107] INFO  o.e.m.c.i.embedder.EclipseLogger - skip non existing resourceDirectory C:\Users\bk051495\workspace\Restful\MessangerAPI\src\test\resources
2018-05-13 07:04:04,939 [Worker-119] INFO  o.e.m.c.i.embedder.EclipseLogger - Using 'UTF-8' encoding to copy filtered resources.
2018-05-13 07:04:04,940 [Worker-119] INFO  o.e.m.c.i.embedder.EclipseLogger - Copying 0 resource
2018-05-13 07:04:04,941 [Worker-119] INFO  o.e.m.c.i.embedder.EclipseLogger - Using 'UTF-8' encoding to copy filtered resources.
2018-05-13 07:04:04,941 [Worker-119] INFO  o.e.m.c.i.embedder.EclipseLogger - skip non existing resourceDirectory C:\Users\bk051495\workspace\Restful\MessangerAPI\src\test\resources
2018-05-13 07:04:58,816 [Worker-123] INFO  o.e.m.c.i.embedder.EclipseLogger - Using 'UTF-8' encoding to copy filtered resources.
2018-05-13 07:04:58,817 [Worker-123] INFO  o.e.m.c.i.embedder.EclipseLogger - Copying 0 resource
2018-05-13 07:04:58,818 [Worker-123] INFO  o.e.m.c.i.embedder.EclipseLogger - Using 'UTF-8' encoding to copy filtered resources.
2018-05-13 07:04:58,819 [Worker-123] INFO  o.e.m.c.i.embedder.EclipseLogger - skip non existing resourceDirectory C:\Users\bk051495\workspace\Restful\MessangerAPI\src\test\resources
2018-05-13 07:06:41,900 [Worker-119] INFO  o.e.m.c.i.embedder.EclipseLogger - Using 'UTF-8' encoding to copy filtered resources.
2018-05-13 07:06:41,901 [Worker-119] INFO  o.e.m.c.i.embedder.EclipseLogger - Copying 0 resource
2018-05-13 07:06:41,902 [Worker-119] INFO  o.e.m.c.i.embedder.EclipseLogger - Using 'UTF-8' encoding to copy filtered resources.
2018-05-13 07:06:41,902 [Worker-119] INFO  o.e.m.c.i.embedder.EclipseLogger - skip non existing resourceDirectory C:\Users\bk051495\workspace\Restful\MessangerAPI\src\test\resources
2018-05-13 07:06:46,619 [Worker-120] INFO  o.e.m.c.i.embedder.EclipseLogger - Using 'UTF-8' encoding to copy filtered resources.
2018-05-13 07:06:46,620 [Worker-120] INFO  o.e.m.c.i.embedder.EclipseLogger - Copying 0 resource
2018-05-13 07:06:46,621 [Worker-120] INFO  o.e.m.c.i.embedder.EclipseLogger - Using 'UTF-8' encoding to copy filtered resources.
2018-05-13 07:06:46,622 [Worker-120] INFO  o.e.m.c.i.embedder.EclipseLogger - skip non existing resourceDirectory C:\Users\bk051495\workspace\Restful\MessangerAPI\src\test\resources
2018-05-13 07:07:43,319 [Worker-119] INFO  o.e.m.c.i.embedder.EclipseLogger - Using 'UTF-8' encoding to copy filtered resources.
2018-05-13 07:07:43,320 [Worker-119] INFO  o.e.m.c.i.embedder.EclipseLogger - Copying 0 resource
2018-05-13 07:07:43,321 [Worker-119] INFO  o.e.m.c.i.embedder.EclipseLogger - Using 'UTF-8' encoding to copy filtered resources.
2018-05-13 07:07:43,321 [Worker-119] INFO  o.e.m.c.i.embedder.EclipseLogger - skip non existing resourceDirectory C:\Users\bk051495\workspace\Restful\MessangerAPI\src\test\resources
2018-05-13 07:07:58,151 [Worker-120] INFO  o.e.m.c.i.embedder.EclipseLogger - Using 'UTF-8' encoding to copy filtered resources.
2018-05-13 07:07:58,152 [Worker-120] INFO  o.e.m.c.i.embedder.EclipseLogger - Copying 0 resource
2018-05-13 07:07:58,153 [Worker-120] INFO  o.e.m.c.i.embedder.EclipseLogger - Using 'UTF-8' encoding to copy filtered resources.
2018-05-13 07:07:58,154 [Worker-120] INFO  o.e.m.c.i.embedder.EclipseLogger - skip non existing resourceDirectory C:\Users\bk051495\workspace\Restful\MessangerAPI\src\test\resources
2018-05-13 07:11:20,969 [Worker-122] INFO  o.e.m.c.i.embedder.EclipseLogger - Using 'UTF-8' encoding to copy filtered resources.
2018-05-13 07:11:20,970 [Worker-122] INFO  o.e.m.c.i.embedder.EclipseLogger - Copying 0 resource
2018-05-13 07:11:20,971 [Worker-122] INFO  o.e.m.c.i.embedder.EclipseLogger - Using 'UTF-8' encoding to copy filtered resources.
2018-05-13 07:11:20,971 [Worker-122] INFO  o.e.m.c.i.embedder.EclipseLogger - skip non existing resourceDirectory C:\Users\bk051495\workspace\Restful\MessangerAPI\src\test\resources
2018-05-13 07:11:31,470 [Worker-123] INFO  o.e.m.c.i.embedder.EclipseLogger - Using 'UTF-8' encoding to copy filtered resources.
2018-05-13 07:11:31,472 [Worker-123] INFO  o.e.m.c.i.embedder.EclipseLogger - Copying 0 resource
2018-05-13 07:11:31,473 [Worker-123] INFO  o.e.m.c.i.embedder.EclipseLogger - Using 'UTF-8' encoding to copy filtered resources.
2018-05-13 07:11:31,473 [Worker-123] INFO  o.e.m.c.i.embedder.EclipseLogger - skip non existing resourceDirectory C:\Users\bk051495\workspace\Restful\MessangerAPI\src\test\resources
2018-05-13 07:14:20,358 [Worker-123] INFO  o.e.m.c.i.embedder.EclipseLogger - Using 'UTF-8' encoding to copy filtered resources.
2018-05-13 07:14:20,360 [Worker-123] INFO  o.e.m.c.i.embedder.EclipseLogger - Copying 0 resource
2018-05-13 07:14:20,361 [Worker-123] INFO  o.e.m.c.i.embedder.EclipseLogger - Using 'UTF-8' encoding to copy filtered resources.
2018-05-13 07:14:20,361 [Worker-123] INFO  o.e.m.c.i.embedder.EclipseLogger - skip non existing resourceDirectory C:\Users\bk051495\workspace\Restful\MessangerAPI\src\test\resources
2018-05-13 07:17:35,368 [Worker-119] INFO  o.e.m.c.i.embedder.EclipseLogger - Using 'UTF-8' encoding to copy filtered resources.
2018-05-13 07:17:35,369 [Worker-119] INFO  o.e.m.c.i.embedder.EclipseLogger - Copying 0 resource
2018-05-13 07:17:35,369 [Worker-119] INFO  o.e.m.c.i.embedder.EclipseLogger - Using 'UTF-8' encoding to copy filtered resources.
2018-05-13 07:17:35,370 [Worker-119] INFO  o.e.m.c.i.embedder.EclipseLogger - skip non existing resourceDirectory C:\Users\bk051495\workspace\Restful\MessangerAPI\src\test\resources
2018-05-13 07:17:48,260 [Worker-125] INFO  o.e.m.c.i.embedder.EclipseLogger - Using 'UTF-8' encoding to copy filtered resources.
2018-05-13 07:17:48,261 [Worker-125] INFO  o.e.m.c.i.embedder.EclipseLogger - Copying 0 resource
2018-05-13 07:17:48,262 [Worker-125] INFO  o.e.m.c.i.embedder.EclipseLogger - Using 'UTF-8' encoding to copy filtered resources.
2018-05-13 07:17:48,262 [Worker-125] INFO  o.e.m.c.i.embedder.EclipseLogger - skip non existing resourceDirectory C:\Users\bk051495\workspace\Restful\MessangerAPI\src\test\resources
2018-05-13 07:18:35,851 [Worker-120] INFO  o.e.m.c.i.embedder.EclipseLogger - Using 'UTF-8' encoding to copy filtered resources.
2018-05-13 07:18:35,894 [Worker-120] INFO  o.e.m.c.i.embedder.EclipseLogger - Copying 0 resource
2018-05-13 07:18:35,896 [Worker-120] INFO  o.e.m.c.i.embedder.EclipseLogger - Using 'UTF-8' encoding to copy filtered resources.
2018-05-13 07:18:35,897 [Worker-120] INFO  o.e.m.c.i.embedder.EclipseLogger - skip non existing resourceDirectory C:\Users\bk051495\workspace\Restful\MessangerAPI\src\test\resources
2018-05-13 07:18:45,427 [Worker-127] INFO  o.e.m.c.i.embedder.EclipseLogger - Using 'UTF-8' encoding to copy filtered resources.
2018-05-13 07:18:45,428 [Worker-127] INFO  o.e.m.c.i.embedder.EclipseLogger - Copying 0 resource
2018-05-13 07:18:45,429 [Worker-127] INFO  o.e.m.c.i.embedder.EclipseLogger - Using 'UTF-8' encoding to copy filtered resources.
2018-05-13 07:18:45,429 [Worker-127] INFO  o.e.m.c.i.embedder.EclipseLogger - skip non existing resourceDirectory C:\Users\bk051495\workspace\Restful\MessangerAPI\src\test\resources
2018-05-13 07:21:03,475 [Worker-119] INFO  o.e.m.c.i.embedder.EclipseLogger - Using 'UTF-8' encoding to copy filtered resources.
2018-05-13 07:21:03,476 [Worker-119] INFO  o.e.m.c.i.embedder.EclipseLogger - Copying 0 resource
2018-05-13 07:21:03,477 [Worker-119] INFO  o.e.m.c.i.embedder.EclipseLogger - Using 'UTF-8' encoding to copy filtered resources.
2018-05-13 07:21:03,477 [Worker-119] INFO  o.e.m.c.i.embedder.EclipseLogger - skip non existing resourceDirectory C:\Users\bk051495\workspace\Restful\MessangerAPI\src\test\resources
2018-05-13 07:21:52,173 [Worker-119] INFO  o.e.m.c.i.embedder.EclipseLogger - Using 'UTF-8' encoding to copy filtered resources.
2018-05-13 07:21:52,173 [Worker-119] INFO  o.e.m.c.i.embedder.EclipseLogger - Copying 0 resource
2018-05-13 07:21:52,174 [Worker-119] INFO  o.e.m.c.i.embedder.EclipseLogger - Using 'UTF-8' encoding to copy filtered resources.
2018-05-13 07:21:52,176 [Worker-119] INFO  o.e.m.c.i.embedder.EclipseLogger - skip non existing resourceDirectory C:\Users\bk051495\workspace\Restful\MessangerAPI\src\test\resources
2018-05-13 07:23:53,354 [Worker-130] INFO  o.e.m.c.i.embedder.EclipseLogger - Using 'UTF-8' encoding to copy filtered resources.
2018-05-13 07:23:53,355 [Worker-130] INFO  o.e.m.c.i.embedder.EclipseLogger - Copying 0 resource
2018-05-13 07:23:53,356 [Worker-130] INFO  o.e.m.c.i.embedder.EclipseLogger - Using 'UTF-8' encoding to copy filtered resources.
2018-05-13 07:23:53,357 [Worker-130] INFO  o.e.m.c.i.embedder.EclipseLogger - skip non existing resourceDirectory C:\Users\bk051495\workspace\Restful\MessangerAPI\src\test\resources
2018-05-13 07:26:57,811 [Worker-133] INFO  o.e.m.c.i.embedder.EclipseLogger - Using 'UTF-8' encoding to copy filtered resources.
2018-05-13 07:26:57,812 [Worker-133] INFO  o.e.m.c.i.embedder.EclipseLogger - Copying 0 resource
2018-05-13 07:26:57,813 [Worker-133] INFO  o.e.m.c.i.embedder.EclipseLogger - Using 'UTF-8' encoding to copy filtered resources.
2018-05-13 07:26:57,814 [Worker-133] INFO  o.e.m.c.i.embedder.EclipseLogger - skip non existing resourceDirectory C:\Users\bk051495\workspace\Restful\MessangerAPI\src\test\resources
2018-05-13 07:28:39,664 [Worker-132] INFO  o.e.m.c.i.embedder.EclipseLogger - Using 'UTF-8' encoding to copy filtered resources.
2018-05-13 07:28:39,665 [Worker-132] INFO  o.e.m.c.i.embedder.EclipseLogger - Copying 0 resource
2018-05-13 07:28:39,666 [Worker-132] INFO  o.e.m.c.i.embedder.EclipseLogger - Using 'UTF-8' encoding to copy filtered resources.
2018-05-13 07:28:39,667 [Worker-132] INFO  o.e.m.c.i.embedder.EclipseLogger - skip non existing resourceDirectory C:\Users\bk051495\workspace\Restful\MessangerAPI\src\test\resources
2018-05-13 07:29:54,840 [Worker-133] INFO  o.e.m.c.i.embedder.EclipseLogger - Using 'UTF-8' encoding to copy filtered resources.
2018-05-13 07:29:54,841 [Worker-133] INFO  o.e.m.c.i.embedder.EclipseLogger - Copying 0 resource
2018-05-13 07:29:54,842 [Worker-133] INFO  o.e.m.c.i.embedder.EclipseLogger - Using 'UTF-8' encoding to copy filtered resources.
2018-05-13 07:29:54,843 [Worker-133] INFO  o.e.m.c.i.embedder.EclipseLogger - skip non existing resourceDirectory C:\Users\bk051495\workspace\Restful\MessangerAPI\src\test\resources
2018-05-13 07:32:11,127 [Worker-133] INFO  o.e.m.c.i.embedder.EclipseLogger - Using 'UTF-8' encoding to copy filtered resources.
2018-05-13 07:32:11,128 [Worker-133] INFO  o.e.m.c.i.embedder.EclipseLogger - Copying 0 resource
2018-05-13 07:32:11,129 [Worker-133] INFO  o.e.m.c.i.embedder.EclipseLogger - Using 'UTF-8' encoding to copy filtered resources.
2018-05-13 07:32:11,129 [Worker-133] INFO  o.e.m.c.i.embedder.EclipseLogger - skip non existing resourceDirectory C:\Users\bk051495\workspace\Restful\MessangerAPI\src\test\resources
2018-05-13 07:37:49,335 [Worker-138] INFO  o.e.m.c.i.embedder.EclipseLogger - Using 'UTF-8' encoding to copy filtered resources.
2018-05-13 07:37:49,336 [Worker-138] INFO  o.e.m.c.i.embedder.EclipseLogger - Copying 0 resource
2018-05-13 07:37:49,336 [Worker-138] INFO  o.e.m.c.i.embedder.EclipseLogger - Using 'UTF-8' encoding to copy filtered resources.
2018-05-13 07:37:49,337 [Worker-138] INFO  o.e.m.c.i.embedder.EclipseLogger - skip non existing resourceDirectory C:\Users\bk051495\workspace\Restful\MessangerAPI\src\test\resources
2018-05-13 07:42:20,561 [Worker-141] INFO  o.e.m.c.i.embedder.EclipseLogger - Using 'UTF-8' encoding to copy filtered resources.
2018-05-13 07:42:20,562 [Worker-141] INFO  o.e.m.c.i.embedder.EclipseLogger - Copying 0 resource
2018-05-13 07:42:20,563 [Worker-141] INFO  o.e.m.c.i.embedder.EclipseLogger - Using 'UTF-8' encoding to copy filtered resources.
2018-05-13 07:42:20,563 [Worker-141] INFO  o.e.m.c.i.embedder.EclipseLogger - skip non existing resourceDirectory C:\Users\bk051495\workspace\Restful\MessangerAPI\src\test\resources
2018-05-13 07:46:59,469 [Worker-144] INFO  o.e.m.c.i.embedder.EclipseLogger - Using 'UTF-8' encoding to copy filtered resources.
2018-05-13 07:46:59,470 [Worker-144] INFO  o.e.m.c.i.embedder.EclipseLogger - Copying 0 resource
2018-05-13 07:46:59,471 [Worker-144] INFO  o.e.m.c.i.embedder.EclipseLogger - Using 'UTF-8' encoding to copy filtered resources.
2018-05-13 07:46:59,472 [Worker-144] INFO  o.e.m.c.i.embedder.EclipseLogger - skip non existing resourceDirectory C:\Users\bk051495\workspace\Restful\MessangerAPI\src\test\resources
2018-05-13 07:50:14,659 [Worker-151] INFO  o.e.m.c.i.embedder.EclipseLogger - Using 'UTF-8' encoding to copy filtered resources.
2018-05-13 07:50:14,660 [Worker-151] INFO  o.e.m.c.i.embedder.EclipseLogger - Copying 0 resource
2018-05-13 07:50:14,660 [Worker-151] INFO  o.e.m.c.i.embedder.EclipseLogger - Using 'UTF-8' encoding to copy filtered resources.
2018-05-13 07:50:14,660 [Worker-151] INFO  o.e.m.c.i.embedder.EclipseLogger - skip non existing resourceDirectory C:\Users\bk051495\workspace\Restful\MessangerAPI\src\test\resources
2018-05-13 08:34:40,422 [Worker-175] INFO  o.e.m.c.i.embedder.EclipseLogger - Using 'UTF-8' encoding to copy filtered resources.
2018-05-13 08:34:40,423 [Worker-175] INFO  o.e.m.c.i.embedder.EclipseLogger - Copying 0 resource
2018-05-13 08:34:40,424 [Worker-175] INFO  o.e.m.c.i.embedder.EclipseLogger - Using 'UTF-8' encoding to copy filtered resources.
2018-05-13 08:34:40,425 [Worker-175] INFO  o.e.m.c.i.embedder.EclipseLogger - skip non existing resourceDirectory C:\Users\bk051495\workspace\Restful\MessangerAPI\src\test\resources
2018-05-13 08:34:46,035 [Worker-164] INFO  o.e.m.c.i.embedder.EclipseLogger - Using 'UTF-8' encoding to copy filtered resources.
2018-05-13 08:34:46,036 [Worker-164] INFO  o.e.m.c.i.embedder.EclipseLogger - Copying 0 resource
2018-05-13 08:34:46,037 [Worker-164] INFO  o.e.m.c.i.embedder.EclipseLogger - Using 'UTF-8' encoding to copy filtered resources.
2018-05-13 08:34:46,037 [Worker-164] INFO  o.e.m.c.i.embedder.EclipseLogger - skip non existing resourceDirectory C:\Users\bk051495\workspace\Restful\MessangerAPI\src\test\resources
2018-05-13 08:38:24,399 [Worker-164] INFO  o.e.m.c.i.embedder.EclipseLogger - Using 'UTF-8' encoding to copy filtered resources.
2018-05-13 08:38:24,400 [Worker-164] INFO  o.e.m.c.i.embedder.EclipseLogger - Copying 0 resource
2018-05-13 08:38:24,401 [Worker-164] INFO  o.e.m.c.i.embedder.EclipseLogger - Using 'UTF-8' encoding to copy filtered resources.
2018-05-13 08:38:24,401 [Worker-164] INFO  o.e.m.c.i.embedder.EclipseLogger - skip non existing resourceDirectory C:\Users\bk051495\workspace\Restful\MessangerAPI\src\test\resources
2018-05-13 11:58:59,158 [Worker-0] INFO  o.e.m.c.i.embedder.EclipseLogger - Using 'UTF-8' encoding to copy filtered resources.
2018-05-13 11:58:59,191 [Worker-0] INFO  o.e.m.c.i.embedder.EclipseLogger - Copying 0 resource
2018-05-13 11:58:59,195 [Worker-0] INFO  o.e.m.c.i.embedder.EclipseLogger - Using 'UTF-8' encoding to copy filtered resources.
2018-05-13 11:58:59,196 [Worker-0] INFO  o.e.m.c.i.embedder.EclipseLogger - skip non existing resourceDirectory C:\Users\bk051495\workspace\Restful\MessangerAPI\src\test\resources
